2024/02/17 15:09:11 Service deleted: kubernetes in namespace default
2024/02/17 15:09:11 Oh no! The snake ate Service: kubernetes in namespace default
2024/02/17 15:09:11 No eligible resources found.
2024/02/17 15:09:13 No eligible resources found.
2024/02/17 15:09:13 No pods available to eat.
2024/02/17 15:09:13 The snake's hunger remains unsatisfied as no pods were found.
2024/02/17 15:09:14 No eligible resources found.
2024/02/17 15:09:16 No eligible resources found.
2024/02/17 15:09:16 No pods available to eat.
2024/02/17 15:09:16 The snake's hunger remains unsatisfied as no pods were found.
2024/02/17 15:09:16 No eligible resources found.
2024/02/17 15:09:19 No eligible resources found.
2024/02/17 15:09:19 No pods available to eat.
2024/02/17 15:09:19 The snake's hunger remains unsatisfied as no pods were found.
2024/02/17 15:09:19 ServiceAccount deleted: default in namespace default
2024/02/17 15:09:19 Oh no! The snake ate ServiceAccount: default in namespace default
2024/02/17 15:09:19 No eligible resources found.
2024/02/17 15:09:21 No eligible resources found.
2024/02/17 15:09:21 No pods available to eat.
2024/02/17 15:09:21 The snake's hunger remains unsatisfied as no pods were found.
2024/02/17 15:09:22 No eligible resources found.
2024/02/17 15:09:23 No eligible resources found.
2024/02/17 15:09:23 No pods available to eat.
2024/02/17 15:09:23 The snake's hunger remains unsatisfied as no pods were found.
2024/02/17 15:09:23 No eligible resources found.
2024/02/17 15:09:35 No eligible resources found.
2024/02/17 15:09:37 No eligible resources found.
2024/02/17 15:09:37 No pods available to eat.
2024/02/17 15:09:37 The snake's hunger remains unsatisfied as no pods were found.
2024/02/17 15:09:40 Service deleted: netfetch in namespace netfetch
2024/02/17 15:09:40 Oh no! The snake ate Service: netfetch in namespace netfetch
2024/02/17 15:09:42 Service deleted: kubernetes in namespace default
2024/02/17 15:09:42 Oh no! The snake ate Service: kubernetes in namespace default
2024/02/17 15:09:42 No eligible resources found.
