2024/02/11 19:17:49 Error deleting pod netfetch-7f5c5488c4-f2ftp: an empty namespace may not be set when a resource name is provided
2024/02/11 19:17:49 Deleted pod: netfetch-7f5c5488c4-f2ftp
2024/02/11 19:22:05 Pod deleted: my-release-grafana-5478dd976d-2v42n in namespace grafana
2024/02/11 19:22:05 Deleted pod: my-release-grafana-5478dd976d-2v42n in namespace grafana
2024/02/11 19:22:33 Game Over!
2024/02/11 19:22:40 Game Over!
2024/02/11 19:25:39 Pod deleted: argocd-server-858567cb69-qx6df in namespace argocd
2024/02/11 19:25:39 Deleted pod: argocd-server-858567cb69-qx6df in namespace argocd
2024/02/11 19:25:43 Error deleting pod argocd-server-858567cb69-qx6df in namespace argocd: pods "argocd-server-858567cb69-qx6df" not found
2024/02/11 19:25:43 Deleted pod: argocd-server-858567cb69-qx6df in namespace argocd
2024/02/11 19:25:46 Pod deleted: netfetch-7f5c5488c4-f2ftp in namespace netfetch
2024/02/11 19:25:46 Deleted pod: netfetch-7f5c5488c4-f2ftp in namespace netfetch
2024/02/11 19:25:49 Pod deleted: argocd-application-controller-0 in namespace argocd
2024/02/11 19:25:49 Deleted pod: argocd-application-controller-0 in namespace argocd
2024/02/11 19:25:53 Pod deleted: argocd-repo-server-587577b849-gwlft in namespace argocd
2024/02/11 19:25:53 Deleted pod: argocd-repo-server-587577b849-gwlft in namespace argocd
2024/02/11 19:26:15 Pod deleted: argocd-repo-server-587577b849-tkblr in namespace argocd
2024/02/11 19:26:15 Oh no! Seems like you ate pod: argocd-repo-server-587577b849-tkblr in namespace argocd
2024/02/11 19:26:19 Error deleting pod argocd-repo-server-587577b849-tkblr in namespace argocd: pods "argocd-repo-server-587577b849-tkblr" not found
2024/02/11 19:26:19 Oh no! Seems like you ate pod: argocd-repo-server-587577b849-tkblr in namespace argocd
2024/02/11 19:26:23 Pod deleted: argocd-dex-server-74d4fd7c7-f86m8 in namespace argocd
2024/02/11 19:26:23 Oh no! Seems like you ate pod: argocd-dex-server-74d4fd7c7-f86m8 in namespace argocd
2024/02/11 19:26:25 Pod deleted: argocd-applicationset-controller-74bf965f47-pxgzw in namespace argocd
2024/02/11 19:26:25 Oh no! Seems like you ate pod: argocd-applicationset-controller-74bf965f47-pxgzw in namespace argocd
2024/02/11 19:26:28 Pod deleted: podinfo-695fc97b8c-8q45j in namespace podinfo
2024/02/11 19:26:28 Oh no! Seems like you ate pod: podinfo-695fc97b8c-8q45j in namespace podinfo
2024/02/11 19:26:30 Pod deleted: argocd-redis-b5d6bf5f5-dj2pc in namespace argocd
2024/02/11 19:26:30 Oh no! Seems like you ate pod: argocd-redis-b5d6bf5f5-dj2pc in namespace argocd
2024/02/11 19:26:31 Pod deleted: argocd-dex-server-74d4fd7c7-v2npr in namespace argocd
2024/02/11 19:26:31 Oh no! Seems like you ate pod: argocd-dex-server-74d4fd7c7-v2npr in namespace argocd
2024/02/11 19:26:33 Pod deleted: argocd-dex-server-74d4fd7c7-cc4pk in namespace argocd
2024/02/11 19:26:33 Oh no! Seems like you ate pod: argocd-dex-server-74d4fd7c7-cc4pk in namespace argocd
2024/02/11 19:26:35 Game Over!
2024/02/11 19:26:39 Pod deleted: argocd-redis-b5d6bf5f5-5j7sg in namespace argocd
2024/02/11 19:26:39 Oh no! Seems like you ate pod: argocd-redis-b5d6bf5f5-5j7sg in namespace argocd
2024/02/11 19:26:43 Pod deleted: argocd-application-controller-0 in namespace argocd
2024/02/11 19:26:43 Oh no! Seems like you ate pod: argocd-application-controller-0 in namespace argocd
2024/02/11 19:26:46 Pod deleted: argocd-applicationset-controller-74bf965f47-vjhdq in namespace argocd
2024/02/11 19:26:46 Oh no! Seems like you ate pod: argocd-applicationset-controller-74bf965f47-vjhdq in namespace argocd
2024/02/11 19:27:13 Pod deleted: argocd-repo-server-587577b849-6wsxp in namespace argocd
2024/02/11 19:27:13 Oh no! Seems like you ate pod: argocd-repo-server-587577b849-6wsxp in namespace argocd
2024/02/11 19:27:15 Pod deleted: argocd-redis-b5d6bf5f5-d7624 in namespace argocd
2024/02/11 19:27:15 Oh no! Seems like you ate pod: argocd-redis-b5d6bf5f5-d7624 in namespace argocd
2024/02/11 19:27:19 Pod deleted: argocd-notifications-controller-67dbd7f78d-2kwh8 in namespace argocd
2024/02/11 19:27:19 Oh no! Seems like you ate pod: argocd-notifications-controller-67dbd7f78d-2kwh8 in namespace argocd
2024/02/11 19:27:22 Pod deleted: argocd-applicationset-controller-74bf965f47-tp59d in namespace argocd
2024/02/11 19:27:22 Oh no! Seems like you ate pod: argocd-applicationset-controller-74bf965f47-tp59d in namespace argocd
2024/02/11 19:28:25 Pod deleted: argocd-notifications-controller-67dbd7f78d-n267c in namespace argocd
2024/02/11 19:28:25 Oh no! Seems like you ate pod: argocd-notifications-controller-67dbd7f78d-n267c in namespace argocd
2024/02/11 19:28:27 Pod deleted: my-release-grafana-5478dd976d-85lr9 in namespace grafana
2024/02/11 19:28:27 Oh no! Seems like you ate pod: my-release-grafana-5478dd976d-85lr9 in namespace grafana
2024/02/11 19:28:29 Pod deleted: argocd-application-controller-0 in namespace argocd
2024/02/11 19:28:29 Oh no! Seems like you ate pod: argocd-application-controller-0 in namespace argocd
2024/02/11 19:28:31 Pod deleted: argocd-redis-b5d6bf5f5-rvpr9 in namespace argocd
2024/02/11 19:28:31 Oh no! Seems like you ate pod: argocd-redis-b5d6bf5f5-rvpr9 in namespace argocd
2024/02/11 19:28:32 Pod deleted: argocd-notifications-controller-67dbd7f78d-4z4qk in namespace argocd
2024/02/11 19:28:32 Oh no! Seems like you ate pod: argocd-notifications-controller-67dbd7f78d-4z4qk in namespace argocd
2024/02/11 19:28:33 Pod deleted: argocd-repo-server-587577b849-jlqkb in namespace argocd
2024/02/11 19:28:33 Oh no! Seems like you ate pod: argocd-repo-server-587577b849-jlqkb in namespace argocd
2024/02/11 19:28:34 Pod deleted: argocd-applicationset-controller-74bf965f47-t9n6q in namespace argocd
2024/02/11 19:28:34 Oh no! Seems like you ate pod: argocd-applicationset-controller-74bf965f47-t9n6q in namespace argocd
2024/02/11 19:28:35 Pod deleted: argocd-redis-b5d6bf5f5-8f8hp in namespace argocd
2024/02/11 19:28:35 Oh no! Seems like you ate pod: argocd-redis-b5d6bf5f5-8f8hp in namespace argocd
2024/02/11 19:28:36 Game Over!
